c:\users\overseer\projects\libcdel\vs2013\debug\vc120.pdb
c:\users\overseer\projects\libcdel\vs2013\debug\vc120.idb
c:\users\overseer\projects\libcdel\vs2013\debug\libcdel.obj
c:\users\overseer\projects\libcdel\vs2013\debug\dllmain.obj
c:\users\overseer\projects\libcdel\vs2013\debug\libcdel.lib
c:\users\overseer\projects\libcdel\vs2013\debug\libcdel.exp
c:\users\overseer\projects\libcdel\vs2013\debug\libcdel.ilk
c:\users\overseer\projects\libcdel\vs2013\debug\libcdel.dll
c:\users\overseer\projects\libcdel\vs2013\debug\libcdel.pdb
c:\users\overseer\projects\libcdel\vs2013\debug\libcdel.res
c:\users\overseer\projects\libcdel\vs2013\debug\libcdel.tlog\cl.command.1.tlog
c:\users\overseer\projects\libcdel\vs2013\debug\libcdel.tlog\cl.read.1.tlog
c:\users\overseer\projects\libcdel\vs2013\debug\libcdel.tlog\cl.write.1.tlog
c:\users\overseer\projects\libcdel\vs2013\debug\libcdel.tlog\libcdel.write.1u.tlog
c:\users\overseer\projects\libcdel\vs2013\debug\libcdel.tlog\link.command.1.tlog
c:\users\overseer\projects\libcdel\vs2013\debug\libcdel.tlog\link.read.1.tlog
c:\users\overseer\projects\libcdel\vs2013\debug\libcdel.tlog\link.write.1.tlog
c:\users\overseer\projects\libcdel\vs2013\debug\libcdel.tlog\rc.command.1.tlog
c:\users\overseer\projects\libcdel\vs2013\debug\libcdel.tlog\rc.read.1.tlog
c:\users\overseer\projects\libcdel\vs2013\debug\libcdel.tlog\rc.write.1.tlog
